0 info it worked if it ends with ok
1 verbose cli [ '/Users/zhangcheng/.nvm/versions/node/v7.2.0/bin/node',
1 verbose cli   '/Users/zhangcheng/.nvm/versions/node/v7.2.0/bin/npm',
1 verbose cli   'run',
1 verbose cli   'watch' ]
2 info using npm@3.10.9
3 info using node@v7.2.0
4 verbose run-script [ 'prewatch', 'watch', 'postwatch' ]
5 info lifecycle colin-blog@1.0.0~prewatch: colin-blog@1.0.0
6 silly lifecycle colin-blog@1.0.0~prewatch: no script for prewatch, continuing
7 info lifecycle colin-blog@1.0.0~watch: colin-blog@1.0.0
8 verbose lifecycle colin-blog@1.0.0~watch: unsafe-perm in lifecycle true
9 verbose lifecycle colin-blog@1.0.0~watch: PATH: /Users/zhangcheng/.nvm/versions/node/v7.2.0/lib/node_modules/npm/bin/node-gyp-bin:/Users/zhangcheng/Desktop/ColinBlog/node_modules/.bin:/Users/zhangcheng/.nvm/versions/node/v7.2.0/bin:/usr/local/lib/dnx/runtimes/dnx-coreclr-darwin-x64.1.0.0-rc1-update1/bin:/Users/zhangcheng/.dnx/bin:/usr/local/bin:/usr/bin:/bin:/usr/sbin:/sbin:/usr/local/share/dotnet:/usr/local/git/bin:/Library/Frameworks/Mono.framework/Versions/Current/Commands:/Users/zhangcheng/Library/Developer/Xamarin/android-sdk-macosx/platform-tools:/Users/zhangcheng/Library/Developer/Xamarin/android-sdk-macosx/tools
10 verbose lifecycle colin-blog@1.0.0~watch: CWD: /Users/zhangcheng/Desktop/ColinBlog
11 silly lifecycle colin-blog@1.0.0~watch: Args: [ '-c', 'grunt watch & npm run preview & jekyll serve -w' ]
12 silly lifecycle colin-blog@1.0.0~watch: Returned: code: 1  signal: null
13 info lifecycle colin-blog@1.0.0~watch: Failed to exec watch script
14 verbose stack Error: colin-blog@1.0.0 watch: `grunt watch & npm run preview & jekyll serve -w`
14 verbose stack Exit status 1
14 verbose stack     at EventEmitter.<anonymous> (/Users/zhangcheng/.nvm/versions/node/v7.2.0/lib/node_modules/npm/lib/utils/lifecycle.js:255:16)
14 verbose stack     at emitTwo (events.js:106:13)
14 verbose stack     at EventEmitter.emit (events.js:191:7)
14 verbose stack     at ChildProcess.<anonymous> (/Users/zhangcheng/.nvm/versions/node/v7.2.0/lib/node_modules/npm/lib/utils/spawn.js:40:14)
14 verbose stack     at emitTwo (events.js:106:13)
14 verbose stack     at ChildProcess.emit (events.js:191:7)
14 verbose stack     at maybeClose (internal/child_process.js:885:16)
14 verbose stack     at Process.ChildProcess._handle.onexit (internal/child_process.js:226:5)
15 verbose pkgid colin-blog@1.0.0
16 verbose cwd /Users/zhangcheng/Desktop/ColinBlog
17 error Darwin 16.1.0
18 error argv "/Users/zhangcheng/.nvm/versions/node/v7.2.0/bin/node" "/Users/zhangcheng/.nvm/versions/node/v7.2.0/bin/npm" "run" "watch"
19 error node v7.2.0
20 error npm  v3.10.9
21 error code ELIFECYCLE
22 error colin-blog@1.0.0 watch: `grunt watch & npm run preview & jekyll serve -w`
22 error Exit status 1
23 error Failed at the colin-blog@1.0.0 watch script 'grunt watch & npm run preview & jekyll serve -w'.
23 error Make sure you have the latest version of node.js and npm installed.
23 error If you do, this is most likely a problem with the colin-blog package,
23 error not with npm itself.
23 error Tell the author that this fails on your system:
23 error     grunt watch & npm run preview & jekyll serve -w
23 error You can get information on how to open an issue for this project with:
23 error     npm bugs colin-blog
23 error Or if that isn't available, you can get their info via:
23 error     npm owner ls colin-blog
23 error There is likely additional logging output above.
24 verbose exit [ 1, true ]
